Using pre-set license
Built from '2020.3/release' branch; Version is '2020.3.1f1 (77a89f25062f) revision 7841951'; Using compiler version '192528614'; Build Type 'Release'
OS: 'Windows 10 Pro; OS build 19041.867; Version 2004; 64bit' Language: 'en' Physical Memory: 16335 MB
BatchMode: 1, IsHumanControllingUs: 0, StartBugReporterOnCrash: 0, Is64bit: 1, IsPro: 0

 COMMAND LINE ARGUMENTS:
C:\Program Files\Unity\Hub\Editor\2020.3.1f1\Editor\Unity.exe
-adb2
-batchMode
-noUpm
-name
AssetImportWorker0
-projectPath
C:/Users/mjrag/Desktop/Hail_Bacchus/Hail-Bacchus/Hail Bacchus
-logFile
Logs/AssetImportWorker0.log
-srvPort
64218
Successfully changed project path to: C:/Users/mjrag/Desktop/Hail_Bacchus/Hail-Bacchus/Hail Bacchus
C:/Users/mjrag/Desktop/Hail_Bacchus/Hail-Bacchus/Hail Bacchus
Using Asset Import Pipeline V2.
Refreshing native plugins compatible for Editor in 24.72 ms, found 0 plugins.
Preloading 0 native plugins for Editor in 0.00 ms.
Initialize engine version: 2020.3.1f1 (77a89f25062f)
[Subsystems] Discovering subsystems at path C:/Program Files/Unity/Hub/Editor/2020.3.1f1/Editor/Data/Resources/UnitySubsystems
[Subsystems] Discovering subsystems at path C:/Users/mjrag/Desktop/Hail_Bacchus/Hail-Bacchus/Hail Bacchus/Assets
GfxDevice: creating device client; threaded=0
Direct3D:
    Version:  Direct3D 11.0 [level 11.1]
    Renderer: NVIDIA GeForce GTX 1070 Ti (ID=0x1b82)
    Vendor:   
    VRAM:     8079 MB
    Driver:   27.21.14.5751
Initialize mono
Mono path[0] = 'C:/Program Files/Unity/Hub/Editor/2020.3.1f1/Editor/Data/Managed'
Mono path[1] = 'C:/Program Files/Unity/Hub/Editor/2020.3.1f1/Editor/Data/MonoBleedingEdge/lib/mono/unityjit'
Mono config path = 'C:/Program Files/Unity/Hub/Editor/2020.3.1f1/Editor/Data/MonoBleedingEdge/etc'
Using monoOptions --debugger-agent=transport=dt_socket,embedding=1,server=y,suspend=n,address=127.0.0.1:56476
Begin MonoManager ReloadAssembly
Registering precompiled unity dll's ...
Register platform support module: C:/Program Files/Unity/Hub/Editor/2020.3.1f1/Editor/Data/PlaybackEngines/WebGLSupport/UnityEditor.WebGL.Extensions.dll
Register platform support module: C:/Program Files/Unity/Hub/Editor/2020.3.1f1/Editor/Data/PlaybackEngines/MacStandaloneSupport/UnityEditor.OSXStandalone.Extensions.dll
Register platform support module: C:/Program Files/Unity/Hub/Editor/2020.3.1f1/Editor/Data/PlaybackEngines/WindowsStandaloneSupport/UnityEditor.WindowsStandalone.Extensions.dll
Registered in 0.003967 seconds.
Native extension for WindowsStandalone target not found
Native extension for OSXStandalone target not found
Native extension for WebGL target not found
Refreshing native plugins compatible for Editor in 23.21 ms, found 0 plugins.
Preloading 0 native plugins for Editor in 0.00 ms.
Invoked RoslynAnalysisRunner static constructor.
RoslynAnalysisRunner will not be running.
RoslynAnalysisRunner has terminated.
Mono: successfully reloaded assembly
- Completed reload, in  1.422 seconds
Platform modules already initialized, skipping
Registering precompiled user dll's ...
Registered in 0.000833 seconds.
Begin MonoManager ReloadAssembly
Native extension for WindowsStandalone target not found
Native extension for OSXStandalone target not found
Native extension for WebGL target not found
Refreshing native plugins compatible for Editor in 0.35 ms, found 0 plugins.
Preloading 0 native plugins for Editor in 0.00 ms.
Invoked RoslynAnalysisRunner static constructor.
RoslynAnalysisRunner will not be running.
RoslynAnalysisRunner has terminated.
Mono: successfully reloaded assembly
- Completed reload, in  0.827 seconds
Platform modules already initialized, skipping
========================================================================
Worker process is ready to serve import requests
Launched and connected shader compiler UnityShaderCompiler.exe after 0.04 seconds
Refreshing native plugins compatible for Editor in 0.27 ms, found 0 plugins.
Preloading 0 native plugins for Editor in 0.00 ms.
Unloading 1113 Unused Serialized files (Serialized files now loaded: 0)
System memory in use before: 57.0 MB.
System memory in use after: 57.0 MB.

Unloading 9 unused Assets to reduce memory usage. Loaded Objects now: 1556.
Total: 1.832600 ms (FindLiveObjects: 0.236100 ms CreateObjectMapping: 0.044200 ms MarkObjects: 1.477000 ms  DeleteObjects: 0.074300 ms)

========================================================================
Received Import Request.
  path: Assets/Lowpoly_Vintage_Streetcar/Models/streetcar.fbx
  artifactKey: Guid(a72578204e175114598c9c276c1dfaa9) Importer(815301076,1909f56bfc062723c751e8b465ee728b)
Start importing Assets/Lowpoly_Vintage_Streetcar/Models/streetcar.fbx using Guid(a72578204e175114598c9c276c1dfaa9) Importer(815301076,1909f56bfc062723c751e8b465ee728b)  -> (artifact id: 'e367055e155e4a5175b6ee5246496c73') in 0.518112 seconds
  Import took 0.520826 seconds .

========================================================================
Received Prepare
Registering precompiled user dll's ...
Registered in 0.000753 seconds.
Begin MonoManager ReloadAssembly
Native extension for WindowsStandalone target not found
Native extension for OSXStandalone target not found
Native extension for WebGL target not found
Refreshing native plugins compatible for Editor in 0.23 ms, found 0 plugins.
Preloading 0 native plugins for Editor in 0.00 ms.
Invoked RoslynAnalysisRunner static constructor.
RoslynAnalysisRunner will not be running.
RoslynAnalysisRunner has terminated.
Mono: successfully reloaded assembly
- Completed reload, in  0.774 seconds
Platform modules already initialized, skipping
Refreshing native plugins compatible for Editor in 0.23 ms, found 0 plugins.
Preloading 0 native plugins for Editor in 0.00 ms.
Unloading 1108 Unused Serialized files (Serialized files now loaded: 0)
System memory in use before: 60.4 MB.
System memory in use after: 60.5 MB.

Unloading 4 unused Assets to reduce memory usage. Loaded Objects now: 1569.
Total: 1.687000 ms (FindLiveObjects: 0.174000 ms CreateObjectMapping: 0.028200 ms MarkObjects: 1.466000 ms  DeleteObjects: 0.017900 ms)

========================================================================
Received Prepare
Registering precompiled user dll's ...
Registered in 0.000785 seconds.
Begin MonoManager ReloadAssembly
Native extension for WindowsStandalone target not found
Native extension for OSXStandalone target not found
Native extension for WebGL target not found
Refreshing native plugins compatible for Editor in 0.23 ms, found 0 plugins.
Preloading 0 native plugins for Editor in 0.00 ms.
Invoked RoslynAnalysisRunner static constructor.
RoslynAnalysisRunner will not be running.
RoslynAnalysisRunner has terminated.
Mono: successfully reloaded assembly
- Completed reload, in  0.769 seconds
Platform modules already initialized, skipping
Refreshing native plugins compatible for Editor in 0.22 ms, found 0 plugins.
Preloading 0 native plugins for Editor in 0.00 ms.
Unloading 1108 Unused Serialized files (Serialized files now loaded: 0)
System memory in use before: 60.5 MB.
System memory in use after: 60.6 MB.

Unloading 4 unused Assets to reduce memory usage. Loaded Objects now: 1572.
Total: 1.456200 ms (FindLiveObjects: 0.150400 ms CreateObjectMapping: 0.025600 ms MarkObjects: 1.267400 ms  DeleteObjects: 0.011800 ms)

========================================================================
Received Prepare
Registering precompiled user dll's ...
Registered in 0.000984 seconds.
Begin MonoManager ReloadAssembly
Native extension for WindowsStandalone target not found
Native extension for OSXStandalone target not found
Native extension for WebGL target not found
Refreshing native plugins compatible for Editor in 0.22 ms, found 0 plugins.
Preloading 0 native plugins for Editor in 0.00 ms.
Invoked RoslynAnalysisRunner static constructor.
RoslynAnalysisRunner will not be running.
RoslynAnalysisRunner has terminated.
Mono: successfully reloaded assembly
- Completed reload, in  0.748 seconds
Platform modules already initialized, skipping
Refreshing native plugins compatible for Editor in 0.22 ms, found 0 plugins.
Preloading 0 native plugins for Editor in 0.00 ms.
Unloading 1108 Unused Serialized files (Serialized files now loaded: 0)
System memory in use before: 60.5 MB.
System memory in use after: 60.6 MB.

Unloading 4 unused Assets to reduce memory usage. Loaded Objects now: 1575.
Total: 1.561300 ms (FindLiveObjects: 0.174000 ms CreateObjectMapping: 0.026900 ms MarkObjects: 1.347200 ms  DeleteObjects: 0.012100 ms)

========================================================================
Received Prepare
Registering precompiled user dll's ...
Registered in 0.000760 seconds.
Begin MonoManager ReloadAssembly
Native extension for WindowsStandalone target not found
Native extension for OSXStandalone target not found
Native extension for WebGL target not found
Refreshing native plugins compatible for Editor in 0.24 ms, found 0 plugins.
Preloading 0 native plugins for Editor in 0.00 ms.
Invoked RoslynAnalysisRunner static constructor.
RoslynAnalysisRunner will not be running.
RoslynAnalysisRunner has terminated.
Mono: successfully reloaded assembly
- Completed reload, in  0.768 seconds
Platform modules already initialized, skipping
Refreshing native plugins compatible for Editor in 0.24 ms, found 0 plugins.
Preloading 0 native plugins for Editor in 0.00 ms.
Unloading 1108 Unused Serialized files (Serialized files now loaded: 0)
System memory in use before: 60.5 MB.
System memory in use after: 60.6 MB.

Unloading 4 unused Assets to reduce memory usage. Loaded Objects now: 1578.
Total: 1.562200 ms (FindLiveObjects: 0.147500 ms CreateObjectMapping: 0.027000 ms MarkObjects: 1.373400 ms  DeleteObjects: 0.013400 ms)

========================================================================
Received Import Request.
  Time since last request: 2228.463033 seconds.
  path: Assets/Distant Lands Free Characters/Contents/Prefabs/Female 1.prefab
  artifactKey: Guid(fcabbf6dce97b4143895e121697800f1) Importer(815301076,1909f56bfc062723c751e8b465ee728b)
Start importing Assets/Distant Lands Free Characters/Contents/Prefabs/Female 1.prefab using Guid(fcabbf6dce97b4143895e121697800f1) Importer(815301076,1909f56bfc062723c751e8b465ee728b)  -> (artifact id: '0968c292f284a58c91a2539b28957718') in 0.291945 seconds
  Import took 0.294298 seconds .

========================================================================
Received Import Request.
  Time since last request: 0.000208 seconds.
  path: Assets/Distant Lands Free Characters/Contents/Prefabs/Female 3.prefab
  artifactKey: Guid(59b9fc048e4b5184bbd6bb8efc356091) Importer(815301076,1909f56bfc062723c751e8b465ee728b)
Start importing Assets/Distant Lands Free Characters/Contents/Prefabs/Female 3.prefab using Guid(59b9fc048e4b5184bbd6bb8efc356091) Importer(815301076,1909f56bfc062723c751e8b465ee728b)  -> (artifact id: '97b4048fb48902a49e7a105b9ebaa200') in 0.049501 seconds
  Import took 0.051591 seconds .

========================================================================
Received Import Request.
  Time since last request: 0.000167 seconds.
  path: Assets/Distant Lands Free Characters/Contents/Prefabs/Female 2.prefab
  artifactKey: Guid(3ef454cc035adc1489a9aec1f5a10d55) Importer(815301076,1909f56bfc062723c751e8b465ee728b)
Start importing Assets/Distant Lands Free Characters/Contents/Prefabs/Female 2.prefab using Guid(3ef454cc035adc1489a9aec1f5a10d55) Importer(815301076,1909f56bfc062723c751e8b465ee728b)  -> (artifact id: '225c83d775c17c7dcbca376a8fd3155e') in 0.038140 seconds
  Import took 0.040250 seconds .

========================================================================
Received Import Request.
  Time since last request: 0.000200 seconds.
  path: Assets/Distant Lands Free Characters/Contents/Prefabs/Female 4.prefab
  artifactKey: Guid(bda9b0031f8f38e4e98e7780f1fea9b8) Importer(815301076,1909f56bfc062723c751e8b465ee728b)
Start importing Assets/Distant Lands Free Characters/Contents/Prefabs/Female 4.prefab using Guid(bda9b0031f8f38e4e98e7780f1fea9b8) Importer(815301076,1909f56bfc062723c751e8b465ee728b)  -> (artifact id: '48ff8115c7d4dbdb456c489258e22e95') in 0.025310 seconds
  Import took 0.027636 seconds .

========================================================================
Received Import Request.
  Time since last request: 0.000207 seconds.
  path: Assets/Distant Lands Free Characters/Contents/Prefabs/Male 1.prefab
  artifactKey: Guid(5da73550c90a266498e0fcd9c6437148) Importer(815301076,1909f56bfc062723c751e8b465ee728b)
Start importing Assets/Distant Lands Free Characters/Contents/Prefabs/Male 1.prefab using Guid(5da73550c90a266498e0fcd9c6437148) Importer(815301076,1909f56bfc062723c751e8b465ee728b)  -> (artifact id: '654f9a58fd60e182a2671d2df77fbff2') in 0.055698 seconds
  Import took 0.057836 seconds .

========================================================================
Received Import Request.
  Time since last request: 0.000184 seconds.
  path: Assets/Distant Lands Free Characters/Contents/Prefabs/Male 3.prefab
  artifactKey: Guid(619f88d1e87438a43a166f80364f0fd4) Importer(815301076,1909f56bfc062723c751e8b465ee728b)
Start importing Assets/Distant Lands Free Characters/Contents/Prefabs/Male 3.prefab using Guid(619f88d1e87438a43a166f80364f0fd4) Importer(815301076,1909f56bfc062723c751e8b465ee728b)  -> (artifact id: '0b4364bb7cd34b2ab147e0b3226542d6') in 0.025077 seconds
  Import took 0.027193 seconds .

========================================================================
Received Import Request.
  Time since last request: 0.000184 seconds.
  path: Assets/Distant Lands Free Characters/Contents/Prefabs/Male 2.prefab
  artifactKey: Guid(730000931cae1454c8083362445e8f75) Importer(815301076,1909f56bfc062723c751e8b465ee728b)
Start importing Assets/Distant Lands Free Characters/Contents/Prefabs/Male 2.prefab using Guid(730000931cae1454c8083362445e8f75) Importer(815301076,1909f56bfc062723c751e8b465ee728b)  -> (artifact id: '687e0ca42d03d4f234250347b4103724') in 0.048760 seconds
  Import took 0.050852 seconds .

========================================================================
Received Import Request.
  Time since last request: 0.000200 seconds.
  path: Assets/Distant Lands Free Characters/Contents/Prefabs/Male 4.prefab
  artifactKey: Guid(96c1702b56fa5a7488457a6a515ac58e) Importer(815301076,1909f56bfc062723c751e8b465ee728b)
Start importing Assets/Distant Lands Free Characters/Contents/Prefabs/Male 4.prefab using Guid(96c1702b56fa5a7488457a6a515ac58e) Importer(815301076,1909f56bfc062723c751e8b465ee728b)  -> (artifact id: 'ac83fa45455c6c632567530d186c3521') in 0.024832 seconds
  Import took 0.027018 seconds .

========================================================================
Received Import Request.
  Time since last request: 9.886313 seconds.
  path: Assets/Lowpoly_Vintage_Streetcar/Prefabs/streetcar.prefab
  artifactKey: Guid(07b3597cdd611134f80753f1e678402f) Importer(815301076,1909f56bfc062723c751e8b465ee728b)
Start importing Assets/Lowpoly_Vintage_Streetcar/Prefabs/streetcar.prefab using Guid(07b3597cdd611134f80753f1e678402f) Importer(815301076,1909f56bfc062723c751e8b465ee728b)  -> (artifact id: '53360c464a2f645ea6cba04f4e054d48') in 0.023689 seconds
  Import took 0.026557 seconds .

AssetImportWorkerClient::OnTransportError - code=2 error=End of file
