Using pre-set license
Built from '2020.3/release' branch; Version is '2020.3.1f1 (77a89f25062f) revision 7841951'; Using compiler version '192528614'; Build Type 'Release'
OS: 'Windows 10 Pro; OS build 19041.867; Version 2004; 64bit' Language: 'en' Physical Memory: 16335 MB
BatchMode: 1, IsHumanControllingUs: 0, StartBugReporterOnCrash: 0, Is64bit: 1, IsPro: 0

 COMMAND LINE ARGUMENTS:
C:\Program Files\Unity\Hub\Editor\2020.3.1f1\Editor\Unity.exe
-adb2
-batchMode
-noUpm
-name
AssetImportWorker0
-projectPath
C:/Users/mjrag/Desktop/Hail_Bacchus/Hail-Bacchus/Hail Bacchus
-logFile
Logs/AssetImportWorker0.log
-srvPort
61022
Successfully changed project path to: C:/Users/mjrag/Desktop/Hail_Bacchus/Hail-Bacchus/Hail Bacchus
C:/Users/mjrag/Desktop/Hail_Bacchus/Hail-Bacchus/Hail Bacchus
Using Asset Import Pipeline V2.
Refreshing native plugins compatible for Editor in 24.22 ms, found 0 plugins.
Preloading 0 native plugins for Editor in 0.00 ms.
Initialize engine version: 2020.3.1f1 (77a89f25062f)
[Subsystems] Discovering subsystems at path C:/Program Files/Unity/Hub/Editor/2020.3.1f1/Editor/Data/Resources/UnitySubsystems
[Subsystems] Discovering subsystems at path C:/Users/mjrag/Desktop/Hail_Bacchus/Hail-Bacchus/Hail Bacchus/Assets
GfxDevice: creating device client; threaded=0
Direct3D:
    Version:  Direct3D 11.0 [level 11.1]
    Renderer: NVIDIA GeForce GTX 1070 Ti (ID=0x1b82)
    Vendor:   
    VRAM:     8079 MB
    Driver:   27.21.14.5751
Initialize mono
Mono path[0] = 'C:/Program Files/Unity/Hub/Editor/2020.3.1f1/Editor/Data/Managed'
Mono path[1] = 'C:/Program Files/Unity/Hub/Editor/2020.3.1f1/Editor/Data/MonoBleedingEdge/lib/mono/unityjit'
Mono config path = 'C:/Program Files/Unity/Hub/Editor/2020.3.1f1/Editor/Data/MonoBleedingEdge/etc'
Using monoOptions --debugger-agent=transport=dt_socket,embedding=1,server=y,suspend=n,address=127.0.0.1:56064
Begin MonoManager ReloadAssembly
Registering precompiled unity dll's ...
Register platform support module: C:/Program Files/Unity/Hub/Editor/2020.3.1f1/Editor/Data/PlaybackEngines/WebGLSupport/UnityEditor.WebGL.Extensions.dll
Register platform support module: C:/Program Files/Unity/Hub/Editor/2020.3.1f1/Editor/Data/PlaybackEngines/MacStandaloneSupport/UnityEditor.OSXStandalone.Extensions.dll
Register platform support module: C:/Program Files/Unity/Hub/Editor/2020.3.1f1/Editor/Data/PlaybackEngines/WindowsStandaloneSupport/UnityEditor.WindowsStandalone.Extensions.dll
Registered in 0.003667 seconds.
Native extension for WindowsStandalone target not found
Native extension for OSXStandalone target not found
Native extension for WebGL target not found
Refreshing native plugins compatible for Editor in 26.97 ms, found 0 plugins.
Preloading 0 native plugins for Editor in 0.00 ms.
Invoked RoslynAnalysisRunner static constructor.
RoslynAnalysisRunner will not be running.
RoslynAnalysisRunner has terminated.
Mono: successfully reloaded assembly
- Completed reload, in  1.497 seconds
Platform modules already initialized, skipping
Registering precompiled user dll's ...
Registered in 0.000873 seconds.
Begin MonoManager ReloadAssembly
Native extension for WindowsStandalone target not found
Native extension for OSXStandalone target not found
Native extension for WebGL target not found
Refreshing native plugins compatible for Editor in 0.24 ms, found 0 plugins.
Preloading 0 native plugins for Editor in 0.00 ms.
Invoked RoslynAnalysisRunner static constructor.
RoslynAnalysisRunner will not be running.
RoslynAnalysisRunner has terminated.
Mono: successfully reloaded assembly
- Completed reload, in  0.782 seconds
Platform modules already initialized, skipping
========================================================================
Worker process is ready to serve import requests
Launched and connected shader compiler UnityShaderCompiler.exe after 0.08 seconds
Refreshing native plugins compatible for Editor in 0.23 ms, found 0 plugins.
Preloading 0 native plugins for Editor in 0.00 ms.
Unloading 1113 Unused Serialized files (Serialized files now loaded: 0)
System memory in use before: 57.0 MB.
System memory in use after: 57.1 MB.

Unloading 9 unused Assets to reduce memory usage. Loaded Objects now: 1556.
Total: 1.880800 ms (FindLiveObjects: 0.246400 ms CreateObjectMapping: 0.057200 ms MarkObjects: 1.502400 ms  DeleteObjects: 0.073800 ms)

========================================================================
Received Import Request.
  path: Assets/New Animator Override Controller.overrideController
  artifactKey: Guid(2902068089557dc4b95c9d73ee2b5c18) Importer(815301076,1909f56bfc062723c751e8b465ee728b)
Start importing Assets/New Animator Override Controller.overrideController using Guid(2902068089557dc4b95c9d73ee2b5c18) Importer(815301076,1909f56bfc062723c751e8b465ee728b)  -> (artifact id: '6bda7c01ebbe5326ad94c8fa403b43e7') in 0.054594 seconds
  Import took 0.056532 seconds .

========================================================================
Received Import Request.
  Time since last request: 12.182653 seconds.
  path: Assets/Scripts
  artifactKey: Guid(c997ebbfec3a8094083bec067a8d65ae) Importer(815301076,1909f56bfc062723c751e8b465ee728b)
Start importing Assets/Scripts using Guid(c997ebbfec3a8094083bec067a8d65ae) Importer(815301076,1909f56bfc062723c751e8b465ee728b)  -> (artifact id: '8e011b30723dc08080c08e4e57b9fd22') in 0.009249 seconds
  Import took 0.011128 seconds .

========================================================================
Received Import Request.
  Time since last request: 26.622559 seconds.
  path: Assets/Scripts/GameTrigger.cs
  artifactKey: Guid(939ca4a941432764eaa7a17b24631951) Importer(815301076,1909f56bfc062723c751e8b465ee728b)
Start importing Assets/Scripts/GameTrigger.cs using Guid(939ca4a941432764eaa7a17b24631951) Importer(815301076,1909f56bfc062723c751e8b465ee728b)  -> (artifact id: '4b65b3741672ecbba76db21ff8935d4b') in 0.278321 seconds
  Import took 0.296774 seconds .

========================================================================
Received Prepare
Registering precompiled user dll's ...
Registered in 0.000686 seconds.
Begin MonoManager ReloadAssembly
Native extension for WindowsStandalone target not found
Native extension for OSXStandalone target not found
Native extension for WebGL target not found
Refreshing native plugins compatible for Editor in 0.25 ms, found 0 plugins.
Preloading 0 native plugins for Editor in 0.00 ms.
Invoked RoslynAnalysisRunner static constructor.
RoslynAnalysisRunner will not be running.
RoslynAnalysisRunner has terminated.
Mono: successfully reloaded assembly
- Completed reload, in  0.749 seconds
Platform modules already initialized, skipping
Refreshing native plugins compatible for Editor in 0.24 ms, found 0 plugins.
Preloading 0 native plugins for Editor in 0.00 ms.
Unloading 1109 Unused Serialized files (Serialized files now loaded: 0)
System memory in use before: 57.0 MB.
System memory in use after: 57.1 MB.

Unloading 4 unused Assets to reduce memory usage. Loaded Objects now: 1560.
Total: 1.504400 ms (FindLiveObjects: 0.153300 ms CreateObjectMapping: 0.027000 ms MarkObjects: 1.307000 ms  DeleteObjects: 0.016000 ms)

========================================================================
Received Prepare
Registering precompiled user dll's ...
Registered in 0.000871 seconds.
Begin MonoManager ReloadAssembly
Native extension for WindowsStandalone target not found
Native extension for OSXStandalone target not found
Native extension for WebGL target not found
Refreshing native plugins compatible for Editor in 0.27 ms, found 0 plugins.
Preloading 0 native plugins for Editor in 0.00 ms.
Invoked RoslynAnalysisRunner static constructor.
RoslynAnalysisRunner will not be running.
RoslynAnalysisRunner has terminated.
Mono: successfully reloaded assembly
- Completed reload, in  0.771 seconds
Platform modules already initialized, skipping
Refreshing native plugins compatible for Editor in 0.25 ms, found 0 plugins.
Preloading 0 native plugins for Editor in 0.00 ms.
Unloading 1109 Unused Serialized files (Serialized files now loaded: 0)
System memory in use before: 57.0 MB.
System memory in use after: 57.1 MB.

Unloading 4 unused Assets to reduce memory usage. Loaded Objects now: 1563.
Total: 1.658400 ms (FindLiveObjects: 0.222300 ms CreateObjectMapping: 0.041400 ms MarkObjects: 1.379400 ms  DeleteObjects: 0.014500 ms)

========================================================================
Received Prepare
Registering precompiled user dll's ...
Registered in 0.000726 seconds.
Begin MonoManager ReloadAssembly
Native extension for WindowsStandalone target not found
Native extension for OSXStandalone target not found
Native extension for WebGL target not found
Refreshing native plugins compatible for Editor in 0.24 ms, found 0 plugins.
Preloading 0 native plugins for Editor in 0.00 ms.
Invoked RoslynAnalysisRunner static constructor.
RoslynAnalysisRunner will not be running.
RoslynAnalysisRunner has terminated.
Mono: successfully reloaded assembly
- Completed reload, in  0.751 seconds
Platform modules already initialized, skipping
Refreshing native plugins compatible for Editor in 0.25 ms, found 0 plugins.
Preloading 0 native plugins for Editor in 0.00 ms.
Unloading 1109 Unused Serialized files (Serialized files now loaded: 0)
System memory in use before: 57.0 MB.
System memory in use after: 57.1 MB.

Unloading 4 unused Assets to reduce memory usage. Loaded Objects now: 1566.
Total: 1.666000 ms (FindLiveObjects: 0.183000 ms CreateObjectMapping: 0.028300 ms MarkObjects: 1.438700 ms  DeleteObjects: 0.015000 ms)

========================================================================
Received Prepare
Registering precompiled user dll's ...
Registered in 0.000727 seconds.
Begin MonoManager ReloadAssembly
Native extension for WindowsStandalone target not found
Native extension for OSXStandalone target not found
Native extension for WebGL target not found
Refreshing native plugins compatible for Editor in 0.24 ms, found 0 plugins.
Preloading 0 native plugins for Editor in 0.00 ms.
Invoked RoslynAnalysisRunner static constructor.
RoslynAnalysisRunner will not be running.
RoslynAnalysisRunner has terminated.
Mono: successfully reloaded assembly
- Completed reload, in  0.739 seconds
Platform modules already initialized, skipping
Refreshing native plugins compatible for Editor in 0.24 ms, found 0 plugins.
Preloading 0 native plugins for Editor in 0.00 ms.
Unloading 1109 Unused Serialized files (Serialized files now loaded: 0)
System memory in use before: 57.0 MB.
System memory in use after: 57.1 MB.

Unloading 4 unused Assets to reduce memory usage. Loaded Objects now: 1569.
Total: 1.475600 ms (FindLiveObjects: 0.145700 ms CreateObjectMapping: 0.025000 ms MarkObjects: 1.293000 ms  DeleteObjects: 0.010900 ms)

========================================================================
Received Prepare
Registering precompiled user dll's ...
Registered in 0.000878 seconds.
Begin MonoManager ReloadAssembly
Native extension for WindowsStandalone target not found
Native extension for OSXStandalone target not found
Native extension for WebGL target not found
Refreshing native plugins compatible for Editor in 0.25 ms, found 0 plugins.
Preloading 0 native plugins for Editor in 0.00 ms.
Invoked RoslynAnalysisRunner static constructor.
RoslynAnalysisRunner will not be running.
RoslynAnalysisRunner has terminated.
Mono: successfully reloaded assembly
- Completed reload, in  0.744 seconds
Platform modules already initialized, skipping
Refreshing native plugins compatible for Editor in 0.25 ms, found 0 plugins.
Preloading 0 native plugins for Editor in 0.00 ms.
Unloading 1109 Unused Serialized files (Serialized files now loaded: 0)
System memory in use before: 57.0 MB.
System memory in use after: 57.1 MB.

Unloading 4 unused Assets to reduce memory usage. Loaded Objects now: 1572.
Total: 1.714900 ms (FindLiveObjects: 0.184000 ms CreateObjectMapping: 0.028800 ms MarkObjects: 1.484700 ms  DeleteObjects: 0.016200 ms)

========================================================================
Received Prepare
Registering precompiled user dll's ...
Registered in 0.000736 seconds.
Begin MonoManager ReloadAssembly
Native extension for WindowsStandalone target not found
Native extension for OSXStandalone target not found
Native extension for WebGL target not found
Refreshing native plugins compatible for Editor in 0.24 ms, found 0 plugins.
Preloading 0 native plugins for Editor in 0.00 ms.
Invoked RoslynAnalysisRunner static constructor.
RoslynAnalysisRunner will not be running.
RoslynAnalysisRunner has terminated.
Mono: successfully reloaded assembly
- Completed reload, in  0.754 seconds
Platform modules already initialized, skipping
Refreshing native plugins compatible for Editor in 0.24 ms, found 0 plugins.
Preloading 0 native plugins for Editor in 0.00 ms.
Unloading 1109 Unused Serialized files (Serialized files now loaded: 0)
System memory in use before: 57.0 MB.
System memory in use after: 57.1 MB.

Unloading 4 unused Assets to reduce memory usage. Loaded Objects now: 1575.
Total: 1.552400 ms (FindLiveObjects: 0.141200 ms CreateObjectMapping: 0.027700 ms MarkObjects: 1.369200 ms  DeleteObjects: 0.013400 ms)

========================================================================
Received Prepare
Registering precompiled user dll's ...
Registered in 0.000903 seconds.
Begin MonoManager ReloadAssembly
Native extension for WindowsStandalone target not found
Native extension for OSXStandalone target not found
Native extension for WebGL target not found
Refreshing native plugins compatible for Editor in 0.25 ms, found 0 plugins.
Preloading 0 native plugins for Editor in 0.00 ms.
Invoked RoslynAnalysisRunner static constructor.
RoslynAnalysisRunner will not be running.
RoslynAnalysisRunner has terminated.
Mono: successfully reloaded assembly
- Completed reload, in  0.733 seconds
Platform modules already initialized, skipping
Refreshing native plugins compatible for Editor in 0.24 ms, found 0 plugins.
Preloading 0 native plugins for Editor in 0.00 ms.
Unloading 1109 Unused Serialized files (Serialized files now loaded: 0)
System memory in use before: 57.1 MB.
System memory in use after: 57.1 MB.

Unloading 4 unused Assets to reduce memory usage. Loaded Objects now: 1578.
Total: 1.501600 ms (FindLiveObjects: 0.151400 ms CreateObjectMapping: 0.026100 ms MarkObjects: 1.310200 ms  DeleteObjects: 0.012500 ms)

========================================================================
Received Prepare
Registering precompiled user dll's ...
Registered in 0.000758 seconds.
Begin MonoManager ReloadAssembly
Native extension for WindowsStandalone target not found
Native extension for OSXStandalone target not found
Native extension for WebGL target not found
Refreshing native plugins compatible for Editor in 0.24 ms, found 0 plugins.
Preloading 0 native plugins for Editor in 0.00 ms.
Invoked RoslynAnalysisRunner static constructor.
RoslynAnalysisRunner will not be running.
RoslynAnalysisRunner has terminated.
Mono: successfully reloaded assembly
- Completed reload, in  0.748 seconds
Platform modules already initialized, skipping
Refreshing native plugins compatible for Editor in 0.23 ms, found 0 plugins.
Preloading 0 native plugins for Editor in 0.00 ms.
Unloading 1109 Unused Serialized files (Serialized files now loaded: 0)
System memory in use before: 57.1 MB.
System memory in use after: 57.2 MB.

Unloading 4 unused Assets to reduce memory usage. Loaded Objects now: 1581.
Total: 1.682800 ms (FindLiveObjects: 0.167600 ms CreateObjectMapping: 0.026000 ms MarkObjects: 1.475500 ms  DeleteObjects: 0.012600 ms)

========================================================================
Received Prepare
Registering precompiled user dll's ...
Registered in 0.000723 seconds.
Begin MonoManager ReloadAssembly
Native extension for WindowsStandalone target not found
Native extension for OSXStandalone target not found
Native extension for WebGL target not found
Refreshing native plugins compatible for Editor in 0.24 ms, found 0 plugins.
Preloading 0 native plugins for Editor in 0.00 ms.
Invoked RoslynAnalysisRunner static constructor.
RoslynAnalysisRunner will not be running.
RoslynAnalysisRunner has terminated.
Mono: successfully reloaded assembly
- Completed reload, in  0.748 seconds
Platform modules already initialized, skipping
Refreshing native plugins compatible for Editor in 0.28 ms, found 0 plugins.
Preloading 0 native plugins for Editor in 0.00 ms.
Unloading 1109 Unused Serialized files (Serialized files now loaded: 0)
System memory in use before: 57.1 MB.
System memory in use after: 57.2 MB.

Unloading 4 unused Assets to reduce memory usage. Loaded Objects now: 1584.
Total: 2.308100 ms (FindLiveObjects: 0.195100 ms CreateObjectMapping: 0.027400 ms MarkObjects: 2.065700 ms  DeleteObjects: 0.018700 ms)

========================================================================
Received Prepare
Registering precompiled user dll's ...
Registered in 0.000821 seconds.
Begin MonoManager ReloadAssembly
Native extension for WindowsStandalone target not found
Native extension for OSXStandalone target not found
Native extension for WebGL target not found
Refreshing native plugins compatible for Editor in 0.24 ms, found 0 plugins.
Preloading 0 native plugins for Editor in 0.00 ms.
Invoked RoslynAnalysisRunner static constructor.
RoslynAnalysisRunner will not be running.
RoslynAnalysisRunner has terminated.
Mono: successfully reloaded assembly
- Completed reload, in  0.750 seconds
Platform modules already initialized, skipping
Refreshing native plugins compatible for Editor in 0.29 ms, found 0 plugins.
Preloading 0 native plugins for Editor in 0.00 ms.
Unloading 1109 Unused Serialized files (Serialized files now loaded: 0)
System memory in use before: 57.1 MB.
System memory in use after: 57.2 MB.

Unloading 4 unused Assets to reduce memory usage. Loaded Objects now: 1587.
Total: 1.521200 ms (FindLiveObjects: 0.141900 ms CreateObjectMapping: 0.027200 ms MarkObjects: 1.339500 ms  DeleteObjects: 0.011700 ms)

========================================================================
Received Prepare
Registering precompiled user dll's ...
Registered in 0.000906 seconds.
Begin MonoManager ReloadAssembly
Native extension for WindowsStandalone target not found
Native extension for OSXStandalone target not found
Native extension for WebGL target not found
Refreshing native plugins compatible for Editor in 0.25 ms, found 0 plugins.
Preloading 0 native plugins for Editor in 0.00 ms.
Invoked RoslynAnalysisRunner static constructor.
RoslynAnalysisRunner will not be running.
RoslynAnalysisRunner has terminated.
Mono: successfully reloaded assembly
- Completed reload, in  0.779 seconds
Platform modules already initialized, skipping
Refreshing native plugins compatible for Editor in 0.24 ms, found 0 plugins.
Preloading 0 native plugins for Editor in 0.00 ms.
Unloading 1109 Unused Serialized files (Serialized files now loaded: 0)
System memory in use before: 57.1 MB.
System memory in use after: 57.2 MB.

Unloading 4 unused Assets to reduce memory usage. Loaded Objects now: 1590.
Total: 1.544900 ms (FindLiveObjects: 0.143600 ms CreateObjectMapping: 0.026700 ms MarkObjects: 1.361500 ms  DeleteObjects: 0.012200 ms)

========================================================================
Received Prepare
Registering precompiled user dll's ...
Registered in 0.000767 seconds.
Begin MonoManager ReloadAssembly
Native extension for WindowsStandalone target not found
Native extension for OSXStandalone target not found
Native extension for WebGL target not found
Refreshing native plugins compatible for Editor in 0.24 ms, found 0 plugins.
Preloading 0 native plugins for Editor in 0.00 ms.
Invoked RoslynAnalysisRunner static constructor.
RoslynAnalysisRunner will not be running.
RoslynAnalysisRunner has terminated.
Mono: successfully reloaded assembly
- Completed reload, in  0.745 seconds
Platform modules already initialized, skipping
Refreshing native plugins compatible for Editor in 0.24 ms, found 0 plugins.
Preloading 0 native plugins for Editor in 0.00 ms.
Unloading 1109 Unused Serialized files (Serialized files now loaded: 0)
System memory in use before: 57.1 MB.
System memory in use after: 57.2 MB.

Unloading 4 unused Assets to reduce memory usage. Loaded Objects now: 1593.
Total: 1.658000 ms (FindLiveObjects: 0.153300 ms CreateObjectMapping: 0.025300 ms MarkObjects: 1.463100 ms  DeleteObjects: 0.014500 ms)

========================================================================
Received Prepare
Registering precompiled user dll's ...
Registered in 0.000816 seconds.
Begin MonoManager ReloadAssembly
Native extension for WindowsStandalone target not found
Native extension for OSXStandalone target not found
Native extension for WebGL target not found
Refreshing native plugins compatible for Editor in 0.25 ms, found 0 plugins.
Preloading 0 native plugins for Editor in 0.00 ms.
Invoked RoslynAnalysisRunner static constructor.
RoslynAnalysisRunner will not be running.
RoslynAnalysisRunner has terminated.
Mono: successfully reloaded assembly
- Completed reload, in  0.774 seconds
Platform modules already initialized, skipping
Refreshing native plugins compatible for Editor in 0.23 ms, found 0 plugins.
Preloading 0 native plugins for Editor in 0.00 ms.
Unloading 1109 Unused Serialized files (Serialized files now loaded: 0)
System memory in use before: 57.1 MB.
System memory in use after: 57.2 MB.

Unloading 4 unused Assets to reduce memory usage. Loaded Objects now: 1596.
Total: 1.670700 ms (FindLiveObjects: 0.161200 ms CreateObjectMapping: 0.026600 ms MarkObjects: 1.464300 ms  DeleteObjects: 0.017500 ms)

========================================================================
Received Prepare
Registering precompiled user dll's ...
Registered in 0.000781 seconds.
Begin MonoManager ReloadAssembly
Native extension for WindowsStandalone target not found
Native extension for OSXStandalone target not found
Native extension for WebGL target not found
Refreshing native plugins compatible for Editor in 0.24 ms, found 0 plugins.
Preloading 0 native plugins for Editor in 0.00 ms.
Invoked RoslynAnalysisRunner static constructor.
RoslynAnalysisRunner will not be running.
RoslynAnalysisRunner has terminated.
Mono: successfully reloaded assembly
- Completed reload, in  0.757 seconds
Platform modules already initialized, skipping
Refreshing native plugins compatible for Editor in 0.24 ms, found 0 plugins.
Preloading 0 native plugins for Editor in 0.00 ms.
Unloading 1109 Unused Serialized files (Serialized files now loaded: 0)
System memory in use before: 57.1 MB.
System memory in use after: 57.2 MB.

Unloading 4 unused Assets to reduce memory usage. Loaded Objects now: 1599.
Total: 1.539900 ms (FindLiveObjects: 0.156900 ms CreateObjectMapping: 0.026000 ms MarkObjects: 1.343500 ms  DeleteObjects: 0.012300 ms)

========================================================================
Received Prepare
Registering precompiled user dll's ...
Registered in 0.000758 seconds.
Begin MonoManager ReloadAssembly
Native extension for WindowsStandalone target not found
Native extension for OSXStandalone target not found
Native extension for WebGL target not found
Refreshing native plugins compatible for Editor in 0.24 ms, found 0 plugins.
Preloading 0 native plugins for Editor in 0.00 ms.
Invoked RoslynAnalysisRunner static constructor.
RoslynAnalysisRunner will not be running.
RoslynAnalysisRunner has terminated.
Mono: successfully reloaded assembly
- Completed reload, in  0.752 seconds
Platform modules already initialized, skipping
Refreshing native plugins compatible for Editor in 0.24 ms, found 0 plugins.
Preloading 0 native plugins for Editor in 0.00 ms.
Unloading 1109 Unused Serialized files (Serialized files now loaded: 0)
System memory in use before: 57.1 MB.
System memory in use after: 57.2 MB.

Unloading 4 unused Assets to reduce memory usage. Loaded Objects now: 1602.
Total: 1.556300 ms (FindLiveObjects: 0.138200 ms CreateObjectMapping: 0.028100 ms MarkObjects: 1.377000 ms  DeleteObjects: 0.012100 ms)

========================================================================
Received Prepare
Registering precompiled user dll's ...
Registered in 0.000737 seconds.
Begin MonoManager ReloadAssembly
Native extension for WindowsStandalone target not found
Native extension for OSXStandalone target not found
Native extension for WebGL target not found
Refreshing native plugins compatible for Editor in 0.24 ms, found 0 plugins.
Preloading 0 native plugins for Editor in 0.00 ms.
Invoked RoslynAnalysisRunner static constructor.
RoslynAnalysisRunner will not be running.
RoslynAnalysisRunner has terminated.
Mono: successfully reloaded assembly
- Completed reload, in  0.750 seconds
Platform modules already initialized, skipping
Refreshing native plugins compatible for Editor in 0.31 ms, found 0 plugins.
Preloading 0 native plugins for Editor in 0.00 ms.
Unloading 1109 Unused Serialized files (Serialized files now loaded: 0)
System memory in use before: 57.1 MB.
System memory in use after: 57.2 MB.

Unloading 4 unused Assets to reduce memory usage. Loaded Objects now: 1605.
Total: 1.479000 ms (FindLiveObjects: 0.131600 ms CreateObjectMapping: 0.027100 ms MarkObjects: 1.307600 ms  DeleteObjects: 0.011600 ms)

========================================================================
Received Prepare
Registering precompiled user dll's ...
Registered in 0.000754 seconds.
Begin MonoManager ReloadAssembly
Native extension for WindowsStandalone target not found
Native extension for OSXStandalone target not found
Native extension for WebGL target not found
Refreshing native plugins compatible for Editor in 0.28 ms, found 0 plugins.
Preloading 0 native plugins for Editor in 0.00 ms.
Invoked RoslynAnalysisRunner static constructor.
RoslynAnalysisRunner will not be running.
RoslynAnalysisRunner has terminated.
Mono: successfully reloaded assembly
- Completed reload, in  0.750 seconds
Platform modules already initialized, skipping
Refreshing native plugins compatible for Editor in 0.54 ms, found 0 plugins.
Preloading 0 native plugins for Editor in 0.00 ms.
Unloading 1109 Unused Serialized files (Serialized files now loaded: 0)
System memory in use before: 57.1 MB.
System memory in use after: 57.2 MB.

Unloading 4 unused Assets to reduce memory usage. Loaded Objects now: 1608.
Total: 2.303600 ms (FindLiveObjects: 0.203400 ms CreateObjectMapping: 0.032900 ms MarkObjects: 2.045800 ms  DeleteObjects: 0.020100 ms)

========================================================================
Received Prepare
Registering precompiled user dll's ...
Registered in 0.000789 seconds.
Begin MonoManager ReloadAssembly
Native extension for WindowsStandalone target not found
Native extension for OSXStandalone target not found
Native extension for WebGL target not found
Refreshing native plugins compatible for Editor in 0.25 ms, found 0 plugins.
Preloading 0 native plugins for Editor in 0.00 ms.
Invoked RoslynAnalysisRunner static constructor.
RoslynAnalysisRunner will not be running.
RoslynAnalysisRunner has terminated.
Mono: successfully reloaded assembly
- Completed reload, in  0.744 seconds
Platform modules already initialized, skipping
Refreshing native plugins compatible for Editor in 0.25 ms, found 0 plugins.
Preloading 0 native plugins for Editor in 0.00 ms.
Unloading 1109 Unused Serialized files (Serialized files now loaded: 0)
System memory in use before: 57.1 MB.
System memory in use after: 57.2 MB.

Unloading 4 unused Assets to reduce memory usage. Loaded Objects now: 1611.
Total: 1.513200 ms (FindLiveObjects: 0.145900 ms CreateObjectMapping: 0.028500 ms MarkObjects: 1.326500 ms  DeleteObjects: 0.011000 ms)

========================================================================
Received Prepare
Registering precompiled user dll's ...
Registered in 0.000846 seconds.
Begin MonoManager ReloadAssembly
Native extension for WindowsStandalone target not found
Native extension for OSXStandalone target not found
Native extension for WebGL target not found
Refreshing native plugins compatible for Editor in 0.25 ms, found 0 plugins.
Preloading 0 native plugins for Editor in 0.00 ms.
Invoked RoslynAnalysisRunner static constructor.
RoslynAnalysisRunner will not be running.
RoslynAnalysisRunner has terminated.
Mono: successfully reloaded assembly
- Completed reload, in  0.808 seconds
Platform modules already initialized, skipping
Refreshing native plugins compatible for Editor in 0.29 ms, found 0 plugins.
Preloading 0 native plugins for Editor in 0.00 ms.
Unloading 1109 Unused Serialized files (Serialized files now loaded: 0)
System memory in use before: 57.1 MB.
System memory in use after: 57.2 MB.

Unloading 4 unused Assets to reduce memory usage. Loaded Objects now: 1614.
Total: 1.953800 ms (FindLiveObjects: 0.208500 ms CreateObjectMapping: 0.030900 ms MarkObjects: 1.697800 ms  DeleteObjects: 0.015200 ms)

========================================================================
Received Prepare
Registering precompiled user dll's ...
Registered in 0.000745 seconds.
Begin MonoManager ReloadAssembly
Native extension for WindowsStandalone target not found
Native extension for OSXStandalone target not found
Native extension for WebGL target not found
Refreshing native plugins compatible for Editor in 0.24 ms, found 0 plugins.
Preloading 0 native plugins for Editor in 0.00 ms.
Invoked RoslynAnalysisRunner static constructor.
RoslynAnalysisRunner will not be running.
RoslynAnalysisRunner has terminated.
Mono: successfully reloaded assembly
- Completed reload, in  0.742 seconds
Platform modules already initialized, skipping
Refreshing native plugins compatible for Editor in 0.25 ms, found 0 plugins.
Preloading 0 native plugins for Editor in 0.00 ms.
Unloading 1109 Unused Serialized files (Serialized files now loaded: 0)
System memory in use before: 57.1 MB.
System memory in use after: 57.2 MB.

Unloading 4 unused Assets to reduce memory usage. Loaded Objects now: 1617.
Total: 1.644600 ms (FindLiveObjects: 0.164700 ms CreateObjectMapping: 0.027600 ms MarkObjects: 1.437000 ms  DeleteObjects: 0.013800 ms)

========================================================================
Received Prepare
Registering precompiled user dll's ...
Registered in 0.000721 seconds.
Begin MonoManager ReloadAssembly
Native extension for WindowsStandalone target not found
Native extension for OSXStandalone target not found
Native extension for WebGL target not found
Refreshing native plugins compatible for Editor in 0.24 ms, found 0 plugins.
Preloading 0 native plugins for Editor in 0.00 ms.
Invoked RoslynAnalysisRunner static constructor.
RoslynAnalysisRunner will not be running.
RoslynAnalysisRunner has terminated.
Mono: successfully reloaded assembly
- Completed reload, in  0.756 seconds
Platform modules already initialized, skipping
Refreshing native plugins compatible for Editor in 0.24 ms, found 0 plugins.
Preloading 0 native plugins for Editor in 0.00 ms.
Unloading 1109 Unused Serialized files (Serialized files now loaded: 0)
System memory in use before: 57.1 MB.
System memory in use after: 57.2 MB.

Unloading 4 unused Assets to reduce memory usage. Loaded Objects now: 1620.
Total: 1.516400 ms (FindLiveObjects: 0.149900 ms CreateObjectMapping: 0.025800 ms MarkObjects: 1.328700 ms  DeleteObjects: 0.011300 ms)

========================================================================
Received Prepare
Registering precompiled user dll's ...
Registered in 0.000848 seconds.
Begin MonoManager ReloadAssembly
Native extension for WindowsStandalone target not found
Native extension for OSXStandalone target not found
Native extension for WebGL target not found
Refreshing native plugins compatible for Editor in 0.24 ms, found 0 plugins.
Preloading 0 native plugins for Editor in 0.00 ms.
Invoked RoslynAnalysisRunner static constructor.
RoslynAnalysisRunner will not be running.
RoslynAnalysisRunner has terminated.
Mono: successfully reloaded assembly
- Completed reload, in  0.755 seconds
Platform modules already initialized, skipping
Refreshing native plugins compatible for Editor in 0.24 ms, found 0 plugins.
Preloading 0 native plugins for Editor in 0.00 ms.
Unloading 1109 Unused Serialized files (Serialized files now loaded: 0)
System memory in use before: 57.1 MB.
System memory in use after: 57.2 MB.

Unloading 4 unused Assets to reduce memory usage. Loaded Objects now: 1623.
Total: 1.582200 ms (FindLiveObjects: 0.146600 ms CreateObjectMapping: 0.029200 ms MarkObjects: 1.393300 ms  DeleteObjects: 0.011800 ms)

========================================================================
Received Prepare
Registering precompiled user dll's ...
Registered in 0.000745 seconds.
Begin MonoManager ReloadAssembly
Native extension for WindowsStandalone target not found
Native extension for OSXStandalone target not found
Native extension for WebGL target not found
Refreshing native plugins compatible for Editor in 0.26 ms, found 0 plugins.
Preloading 0 native plugins for Editor in 0.00 ms.
Invoked RoslynAnalysisRunner static constructor.
RoslynAnalysisRunner will not be running.
RoslynAnalysisRunner has terminated.
Mono: successfully reloaded assembly
- Completed reload, in  0.757 seconds
Platform modules already initialized, skipping
Refreshing native plugins compatible for Editor in 0.25 ms, found 0 plugins.
Preloading 0 native plugins for Editor in 0.00 ms.
Unloading 1109 Unused Serialized files (Serialized files now loaded: 0)
System memory in use before: 57.1 MB.
System memory in use after: 57.2 MB.

Unloading 4 unused Assets to reduce memory usage. Loaded Objects now: 1626.
Total: 1.827500 ms (FindLiveObjects: 0.248700 ms CreateObjectMapping: 0.041500 ms MarkObjects: 1.520400 ms  DeleteObjects: 0.015900 ms)

========================================================================
Received Prepare
Registering precompiled user dll's ...
Registered in 0.000776 seconds.
Begin MonoManager ReloadAssembly
Native extension for WindowsStandalone target not found
Native extension for OSXStandalone target not found
Native extension for WebGL target not found
Refreshing native plugins compatible for Editor in 0.24 ms, found 0 plugins.
Preloading 0 native plugins for Editor in 0.00 ms.
Invoked RoslynAnalysisRunner static constructor.
RoslynAnalysisRunner will not be running.
RoslynAnalysisRunner has terminated.
Mono: successfully reloaded assembly
- Completed reload, in  0.738 seconds
Platform modules already initialized, skipping
Refreshing native plugins compatible for Editor in 0.24 ms, found 0 plugins.
Preloading 0 native plugins for Editor in 0.00 ms.
Unloading 1109 Unused Serialized files (Serialized files now loaded: 0)
System memory in use before: 57.1 MB.
System memory in use after: 57.2 MB.

Unloading 4 unused Assets to reduce memory usage. Loaded Objects now: 1629.
Total: 1.597200 ms (FindLiveObjects: 0.150900 ms CreateObjectMapping: 0.027800 ms MarkObjects: 1.404100 ms  DeleteObjects: 0.012000 ms)

========================================================================
Received Prepare
Registering precompiled user dll's ...
Registered in 0.000750 seconds.
Begin MonoManager ReloadAssembly
Native extension for WindowsStandalone target not found
Native extension for OSXStandalone target not found
Native extension for WebGL target not found
Refreshing native plugins compatible for Editor in 0.24 ms, found 0 plugins.
Preloading 0 native plugins for Editor in 0.00 ms.
Invoked RoslynAnalysisRunner static constructor.
RoslynAnalysisRunner will not be running.
RoslynAnalysisRunner has terminated.
Mono: successfully reloaded assembly
- Completed reload, in  0.741 seconds
Platform modules already initialized, skipping
Refreshing native plugins compatible for Editor in 0.24 ms, found 0 plugins.
Preloading 0 native plugins for Editor in 0.00 ms.
Unloading 1110 Unused Serialized files (Serialized files now loaded: 0)
System memory in use before: 57.2 MB.
System memory in use after: 57.3 MB.

Unloading 4 unused Assets to reduce memory usage. Loaded Objects now: 1633.
Total: 1.644300 ms (FindLiveObjects: 0.164600 ms CreateObjectMapping: 0.027300 ms MarkObjects: 1.438500 ms  DeleteObjects: 0.013300 ms)

========================================================================
Received Import Request.
  Time since last request: 8206.198618 seconds.
  path: Assets/Distant Lands Free Characters/Contents/Mesh/Female Hands.fbx
  artifactKey: Guid(d9979e9ec1784f8418ec3118f7edb3b2) Importer(815301076,1909f56bfc062723c751e8b465ee728b)
Start importing Assets/Distant Lands Free Characters/Contents/Mesh/Female Hands.fbx using Guid(d9979e9ec1784f8418ec3118f7edb3b2) Importer(815301076,1909f56bfc062723c751e8b465ee728b)  -> (artifact id: '4d78bf44b2899e587dc6cea601e6da65') in 0.357599 seconds
  Import took 0.360061 seconds .

========================================================================
Received Import Request.
  Time since last request: 0.000199 seconds.
  path: Assets/Distant Lands Free Characters/Contents/Mesh/Male Hands.fbx
  artifactKey: Guid(6ff98783d10689e4199627949324d20f) Importer(815301076,1909f56bfc062723c751e8b465ee728b)
Start importing Assets/Distant Lands Free Characters/Contents/Mesh/Male Hands.fbx using Guid(6ff98783d10689e4199627949324d20f) Importer(815301076,1909f56bfc062723c751e8b465ee728b)  -> (artifact id: '51e0e38de5ed88d25a7b8af391554a2b') in 0.128249 seconds
  Import took 0.130301 seconds .

========================================================================
Received Import Request.
  Time since last request: 0.000189 seconds.
  path: Assets/Distant Lands Free Characters/Contents/Mesh/Male.fbx
  artifactKey: Guid(8c28075e6e1a5c34ca899fd618879dd4) Importer(815301076,1909f56bfc062723c751e8b465ee728b)
Start importing Assets/Distant Lands Free Characters/Contents/Mesh/Male.fbx using Guid(8c28075e6e1a5c34ca899fd618879dd4) Importer(815301076,1909f56bfc062723c751e8b465ee728b)  -> (artifact id: 'e5568aeb4b20538acc1410219658bbcb') in 0.189423 seconds
  Import took 0.191540 seconds .

========================================================================
Received Import Request.
  Time since last request: 0.000181 seconds.
  path: Assets/Distant Lands Free Characters/Contents/Mesh/Female.fbx
  artifactKey: Guid(dc1dacc99c42993499b968409533f7cb) Importer(815301076,1909f56bfc062723c751e8b465ee728b)
Start importing Assets/Distant Lands Free Characters/Contents/Mesh/Female.fbx using Guid(dc1dacc99c42993499b968409533f7cb) Importer(815301076,1909f56bfc062723c751e8b465ee728b)  -> (artifact id: '9ef50afd5590a9beaa76bcc2d4d6e302') in 0.096230 seconds
  Import took 0.098212 seconds .

========================================================================
Received Import Request.
  Time since last request: 0.550413 seconds.
  path: Assets/Distant Lands Free Characters/Contents/Materials/Boots.mat
  artifactKey: Guid(6b75266228de9b54cb2410e1e91ed2a4) Importer(815301076,1909f56bfc062723c751e8b465ee728b)
Start importing Assets/Distant Lands Free Characters/Contents/Materials/Boots.mat using Guid(6b75266228de9b54cb2410e1e91ed2a4) Importer(815301076,1909f56bfc062723c751e8b465ee728b)  -> (artifact id: 'c08afb4b882cd3e4bbbed365123e06ca') in 0.037612 seconds
  Import took 0.039632 seconds .

========================================================================
Received Import Request.
  Time since last request: 0.000208 seconds.
  path: Assets/Distant Lands Free Characters/Contents/Materials/Hair 1.mat
  artifactKey: Guid(a4b9d3f58b80099439bedb92279c3590) Importer(815301076,1909f56bfc062723c751e8b465ee728b)
Start importing Assets/Distant Lands Free Characters/Contents/Materials/Hair 1.mat using Guid(a4b9d3f58b80099439bedb92279c3590) Importer(815301076,1909f56bfc062723c751e8b465ee728b)  -> (artifact id: '023a923ca58d3d45d53aff480f8b0de0') in 0.021878 seconds
  Import took 0.024028 seconds .

========================================================================
Received Import Request.
  Time since last request: 0.000350 seconds.
  path: Assets/Distant Lands Free Characters/Contents/Materials/Fabric 3.mat
  artifactKey: Guid(6425d2b4aa9744543a7391465ae1e706) Importer(815301076,1909f56bfc062723c751e8b465ee728b)
Start importing Assets/Distant Lands Free Characters/Contents/Materials/Fabric 3.mat using Guid(6425d2b4aa9744543a7391465ae1e706) Importer(815301076,1909f56bfc062723c751e8b465ee728b)  -> (artifact id: '334925de050d79ce4c3bd06f423b89a2') in 0.020401 seconds
  Import took 0.022472 seconds .

========================================================================
Received Import Request.
  Time since last request: 0.000181 seconds.
  path: Assets/Distant Lands Free Characters/Contents/Materials/Hair 4.mat
  artifactKey: Guid(ebe0fedcf36050348ae48d12e109f895) Importer(815301076,1909f56bfc062723c751e8b465ee728b)
Start importing Assets/Distant Lands Free Characters/Contents/Materials/Hair 4.mat using Guid(ebe0fedcf36050348ae48d12e109f895) Importer(815301076,1909f56bfc062723c751e8b465ee728b)  -> (artifact id: 'c2f1e043a2a085ac4a4ec8132d418234') in 0.032173 seconds
  Import took 0.033854 seconds .

========================================================================
Received Import Request.
  Time since last request: 0.000190 seconds.
  path: Assets/Distant Lands Free Characters/Contents/Materials/Hair 3.mat
  artifactKey: Guid(5605e5920a541bf408757aac3099af95) Importer(815301076,1909f56bfc062723c751e8b465ee728b)
Start importing Assets/Distant Lands Free Characters/Contents/Materials/Hair 3.mat using Guid(5605e5920a541bf408757aac3099af95) Importer(815301076,1909f56bfc062723c751e8b465ee728b)  -> (artifact id: '8941d3957dba796e4c69f1a31be63e4a') in 0.036165 seconds
  Import took 0.037927 seconds .

========================================================================
Received Import Request.
  Time since last request: 0.000229 seconds.
  path: Assets/Distant Lands Free Characters/Contents/Materials/Fabric 1.mat
  artifactKey: Guid(f64b913b9c029c64686fe685362dc010) Importer(815301076,1909f56bfc062723c751e8b465ee728b)
Start importing Assets/Distant Lands Free Characters/Contents/Materials/Fabric 1.mat using Guid(f64b913b9c029c64686fe685362dc010) Importer(815301076,1909f56bfc062723c751e8b465ee728b)  -> (artifact id: 'c5d24974b8fbf55723f9115d3008c481') in 0.033915 seconds
  Import took 0.035937 seconds .

========================================================================
Received Import Request.
  Time since last request: 0.000186 seconds.
  path: Assets/Distant Lands Free Characters/Contents/Materials/Shirt 2.mat
  artifactKey: Guid(03f63bc20fb459248a4a28ac7768c324) Importer(815301076,1909f56bfc062723c751e8b465ee728b)
Start importing Assets/Distant Lands Free Characters/Contents/Materials/Shirt 2.mat using Guid(03f63bc20fb459248a4a28ac7768c324) Importer(815301076,1909f56bfc062723c751e8b465ee728b)  -> (artifact id: 'a75115848a7d333f62e43c8edeab89ea') in 0.021824 seconds
  Import took 0.023529 seconds .

========================================================================
Received Import Request.
  Time since last request: 0.000180 seconds.
  path: Assets/Distant Lands Free Characters/Contents/Materials/Shirt 4.mat
  artifactKey: Guid(a4837fa2db3044f4ebddda971ae619f6) Importer(815301076,1909f56bfc062723c751e8b465ee728b)
Start importing Assets/Distant Lands Free Characters/Contents/Materials/Shirt 4.mat using Guid(a4837fa2db3044f4ebddda971ae619f6) Importer(815301076,1909f56bfc062723c751e8b465ee728b)  -> (artifact id: '91a6f6f47d8c3be4208ea7a061afc693') in 0.019757 seconds
  Import took 0.021516 seconds .

========================================================================
Received Import Request.
  Time since last request: 0.000250 seconds.
  path: Assets/Distant Lands Free Characters/Contents/Materials/Skin 4.mat
  artifactKey: Guid(6b57555aa8704c14a8af79bd0146a466) Importer(815301076,1909f56bfc062723c751e8b465ee728b)
Start importing Assets/Distant Lands Free Characters/Contents/Materials/Skin 4.mat using Guid(6b57555aa8704c14a8af79bd0146a466) Importer(815301076,1909f56bfc062723c751e8b465ee728b)  -> (artifact id: '6ca19716a878b637c86b5833351553a7') in 0.033271 seconds
  Import took 0.035368 seconds .

========================================================================
Received Import Request.
  Time since last request: 0.000193 seconds.
  path: Assets/Distant Lands Free Characters/Contents/Materials/Shirt 1.mat
  artifactKey: Guid(e3c92db89668ebb439f67832a852a3b4) Importer(815301076,1909f56bfc062723c751e8b465ee728b)
Start importing Assets/Distant Lands Free Characters/Contents/Materials/Shirt 1.mat using Guid(e3c92db89668ebb439f67832a852a3b4) Importer(815301076,1909f56bfc062723c751e8b465ee728b)  -> (artifact id: 'ed3b9a3f18ce4793d4804da5f493d46b') in 0.019107 seconds
  Import took 0.020981 seconds .

========================================================================
Received Import Request.
  Time since last request: 0.000215 seconds.
  path: Assets/Distant Lands Free Characters/Contents/Materials/Skin 3.mat
  artifactKey: Guid(f8709670b974bb34b9bb5bde311063da) Importer(815301076,1909f56bfc062723c751e8b465ee728b)
Start importing Assets/Distant Lands Free Characters/Contents/Materials/Skin 3.mat using Guid(f8709670b974bb34b9bb5bde311063da) Importer(815301076,1909f56bfc062723c751e8b465ee728b)  -> (artifact id: '066231be9506ee50c268d477ca4b74bd') in 0.020460 seconds
  Import took 0.022242 seconds .

========================================================================
Received Import Request.
  Time since last request: 0.000247 seconds.
  path: Assets/Distant Lands Free Characters/Contents/Materials/Hair 2.mat
  artifactKey: Guid(2b11d852be6fc6643a7304ad7ee36ce9) Importer(815301076,1909f56bfc062723c751e8b465ee728b)
Start importing Assets/Distant Lands Free Characters/Contents/Materials/Hair 2.mat using Guid(2b11d852be6fc6643a7304ad7ee36ce9) Importer(815301076,1909f56bfc062723c751e8b465ee728b)  -> (artifact id: '67ae4fcc0d1e616c1f30532a647a017f') in 0.034014 seconds
  Import took 0.035988 seconds .

========================================================================
Received Import Request.
  Time since last request: 0.000196 seconds.
  path: Assets/Distant Lands Free Characters/Contents/Materials/Shirt 3.mat
  artifactKey: Guid(a33ed502185220a4d97ede3de7fd9163) Importer(815301076,1909f56bfc062723c751e8b465ee728b)
Start importing Assets/Distant Lands Free Characters/Contents/Materials/Shirt 3.mat using Guid(a33ed502185220a4d97ede3de7fd9163) Importer(815301076,1909f56bfc062723c751e8b465ee728b)  -> (artifact id: 'af6f48fbc9e25eb51e3fd251ed09fe36') in 0.028225 seconds
  Import took 0.029874 seconds .

========================================================================
Received Import Request.
  Time since last request: 0.000192 seconds.
  path: Assets/Distant Lands Free Characters/Contents/Materials/Skin 1.mat
  artifactKey: Guid(0cb07277ecdcb6547ad06f13b33b4736) Importer(815301076,1909f56bfc062723c751e8b465ee728b)
Start importing Assets/Distant Lands Free Characters/Contents/Materials/Skin 1.mat using Guid(0cb07277ecdcb6547ad06f13b33b4736) Importer(815301076,1909f56bfc062723c751e8b465ee728b)  -> (artifact id: '53fa18e7ec81734e6246ee464c40c58c') in 0.018878 seconds
  Import took 0.020580 seconds .

========================================================================
Received Import Request.
  Time since last request: 0.000182 seconds.
  path: Assets/Distant Lands Free Characters/Contents/Materials/Fabric 2.mat
  artifactKey: Guid(95b4fabaf92645b47b01d508061fd389) Importer(815301076,1909f56bfc062723c751e8b465ee728b)
Start importing Assets/Distant Lands Free Characters/Contents/Materials/Fabric 2.mat using Guid(95b4fabaf92645b47b01d508061fd389) Importer(815301076,1909f56bfc062723c751e8b465ee728b)  -> (artifact id: '92350ac4900e0cad869cf16a13857f51') in 0.018614 seconds
  Import took 0.020466 seconds .

========================================================================
Received Import Request.
  Time since last request: 0.000235 seconds.
  path: Assets/Distant Lands Free Characters/Contents/Materials/Skin 2.mat
  artifactKey: Guid(17f1bd9c4bd45454ebf9855e7dfda148) Importer(815301076,1909f56bfc062723c751e8b465ee728b)
Start importing Assets/Distant Lands Free Characters/Contents/Materials/Skin 2.mat using Guid(17f1bd9c4bd45454ebf9855e7dfda148) Importer(815301076,1909f56bfc062723c751e8b465ee728b)  -> (artifact id: 'b91d605119b0e25290ff49456159c5b1') in 0.034235 seconds
  Import took 0.036438 seconds .

========================================================================
Received Import Request.
  Time since last request: 0.000187 seconds.
  path: Assets/Distant Lands Free Characters/Contents/Materials/Fabric 2.mat
  artifactKey: Guid(95b4fabaf92645b47b01d508061fd389) Importer(815301076,1909f56bfc062723c751e8b465ee728b)
Start importing Assets/Distant Lands Free Characters/Contents/Materials/Fabric 2.mat using Guid(95b4fabaf92645b47b01d508061fd389) Importer(815301076,1909f56bfc062723c751e8b465ee728b)  -> (artifact id: '92350ac4900e0cad869cf16a13857f51') in 0.013945 seconds
  Import took 0.015608 seconds .

========================================================================
Received Import Request.
  Time since last request: 3.943944 seconds.
  path: Assets/Distant Lands Free Characters/Contents/Prefabs
  artifactKey: Guid(0d4ca26c1372cbe438263767ef30ba5a) Importer(815301076,1909f56bfc062723c751e8b465ee728b)
Start importing Assets/Distant Lands Free Characters/Contents/Prefabs using Guid(0d4ca26c1372cbe438263767ef30ba5a) Importer(815301076,1909f56bfc062723c751e8b465ee728b)  -> (artifact id: '686566c41066ca9979bc7f7ca855c785') in 0.008236 seconds
  Import took 0.010293 seconds .

========================================================================
Received Import Request.
  Time since last request: 0.793056 seconds.
  path: Assets/Distant Lands Free Characters/Contents/Prefabs/Legacy Characters
  artifactKey: Guid(e0a60ad787a10ed459ebba2a01c8abbe) Importer(815301076,1909f56bfc062723c751e8b465ee728b)
Start importing Assets/Distant Lands Free Characters/Contents/Prefabs/Legacy Characters using Guid(e0a60ad787a10ed459ebba2a01c8abbe) Importer(815301076,1909f56bfc062723c751e8b465ee728b)  -> (artifact id: 'c6df7f459be6244d0d0c675f53191612') in 0.009050 seconds
  Import took 0.010944 seconds .

========================================================================
Received Prepare
Registering precompiled user dll's ...
Registered in 0.000717 seconds.
Begin MonoManager ReloadAssembly
Native extension for WindowsStandalone target not found
Native extension for OSXStandalone target not found
Native extension for WebGL target not found
Refreshing native plugins compatible for Editor in 0.24 ms, found 0 plugins.
Preloading 0 native plugins for Editor in 0.00 ms.
Invoked RoslynAnalysisRunner static constructor.
RoslynAnalysisRunner will not be running.
RoslynAnalysisRunner has terminated.
Mono: successfully reloaded assembly
- Completed reload, in  0.739 seconds
Platform modules already initialized, skipping
Refreshing native plugins compatible for Editor in 0.23 ms, found 0 plugins.
Preloading 0 native plugins for Editor in 0.00 ms.
Unloading 1110 Unused Serialized files (Serialized files now loaded: 0)
System memory in use before: 74.8 MB.
System memory in use after: 74.9 MB.

Unloading 5 unused Assets to reduce memory usage. Loaded Objects now: 1680.
Total: 1.535700 ms (FindLiveObjects: 0.153800 ms CreateObjectMapping: 0.026500 ms MarkObjects: 1.335200 ms  DeleteObjects: 0.019400 ms)

========================================================================
Received Prepare
Registering precompiled user dll's ...
Registered in 0.000762 seconds.
Begin MonoManager ReloadAssembly
Native extension for WindowsStandalone target not found
Native extension for OSXStandalone target not found
Native extension for WebGL target not found
Refreshing native plugins compatible for Editor in 0.24 ms, found 0 plugins.
Preloading 0 native plugins for Editor in 0.00 ms.
Invoked RoslynAnalysisRunner static constructor.
RoslynAnalysisRunner will not be running.
RoslynAnalysisRunner has terminated.
Mono: successfully reloaded assembly
- Completed reload, in  0.759 seconds
Platform modules already initialized, skipping
Refreshing native plugins compatible for Editor in 0.24 ms, found 0 plugins.
Preloading 0 native plugins for Editor in 0.00 ms.
Unloading 1110 Unused Serialized files (Serialized files now loaded: 0)
System memory in use before: 74.8 MB.
System memory in use after: 74.9 MB.

Unloading 4 unused Assets to reduce memory usage. Loaded Objects now: 1683.
Total: 1.599000 ms (FindLiveObjects: 0.181600 ms CreateObjectMapping: 0.028500 ms MarkObjects: 1.375400 ms  DeleteObjects: 0.012800 ms)

========================================================================
Received Prepare
Registering precompiled user dll's ...
Registered in 0.000732 seconds.
Begin MonoManager ReloadAssembly
Native extension for WindowsStandalone target not found
Native extension for OSXStandalone target not found
Native extension for WebGL target not found
Refreshing native plugins compatible for Editor in 0.25 ms, found 0 plugins.
Preloading 0 native plugins for Editor in 0.00 ms.
Invoked RoslynAnalysisRunner static constructor.
RoslynAnalysisRunner will not be running.
RoslynAnalysisRunner has terminated.
Mono: successfully reloaded assembly
- Completed reload, in  0.737 seconds
Platform modules already initialized, skipping
Refreshing native plugins compatible for Editor in 0.25 ms, found 0 plugins.
Preloading 0 native plugins for Editor in 0.00 ms.
Unloading 1110 Unused Serialized files (Serialized files now loaded: 0)
System memory in use before: 74.8 MB.
System memory in use after: 74.9 MB.

Unloading 4 unused Assets to reduce memory usage. Loaded Objects now: 1686.
Total: 1.641900 ms (FindLiveObjects: 0.164600 ms CreateObjectMapping: 0.028800 ms MarkObjects: 1.433900 ms  DeleteObjects: 0.013600 ms)

========================================================================
Received Prepare
Registering precompiled user dll's ...
Registered in 0.000737 seconds.
Begin MonoManager ReloadAssembly
Native extension for WindowsStandalone target not found
Native extension for OSXStandalone target not found
Native extension for WebGL target not found
Refreshing native plugins compatible for Editor in 0.24 ms, found 0 plugins.
Preloading 0 native plugins for Editor in 0.00 ms.
Invoked RoslynAnalysisRunner static constructor.
RoslynAnalysisRunner will not be running.
RoslynAnalysisRunner has terminated.
Mono: successfully reloaded assembly
- Completed reload, in  0.740 seconds
Platform modules already initialized, skipping
Refreshing native plugins compatible for Editor in 0.24 ms, found 0 plugins.
Preloading 0 native plugins for Editor in 0.00 ms.
Unloading 1110 Unused Serialized files (Serialized files now loaded: 0)
System memory in use before: 74.8 MB.
System memory in use after: 74.9 MB.

Unloading 4 unused Assets to reduce memory usage. Loaded Objects now: 1689.
Total: 1.578200 ms (FindLiveObjects: 0.158900 ms CreateObjectMapping: 0.027100 ms MarkObjects: 1.378100 ms  DeleteObjects: 0.013100 ms)

========================================================================
Received Prepare
Registering precompiled user dll's ...
Registered in 0.000837 seconds.
Begin MonoManager ReloadAssembly
Native extension for WindowsStandalone target not found
Native extension for OSXStandalone target not found
Native extension for WebGL target not found
Refreshing native plugins compatible for Editor in 0.23 ms, found 0 plugins.
Preloading 0 native plugins for Editor in 0.00 ms.
Invoked RoslynAnalysisRunner static constructor.
RoslynAnalysisRunner will not be running.
RoslynAnalysisRunner has terminated.
Mono: successfully reloaded assembly
- Completed reload, in  0.749 seconds
Platform modules already initialized, skipping
Refreshing native plugins compatible for Editor in 0.24 ms, found 0 plugins.
Preloading 0 native plugins for Editor in 0.00 ms.
Unloading 1110 Unused Serialized files (Serialized files now loaded: 0)
System memory in use before: 74.8 MB.
System memory in use after: 74.9 MB.

Unloading 4 unused Assets to reduce memory usage. Loaded Objects now: 1692.
Total: 1.546500 ms (FindLiveObjects: 0.160300 ms CreateObjectMapping: 0.027400 ms MarkObjects: 1.346100 ms  DeleteObjects: 0.011900 ms)

========================================================================
Received Prepare
Registering precompiled user dll's ...
Registered in 0.000792 seconds.
Begin MonoManager ReloadAssembly
Native extension for WindowsStandalone target not found
Native extension for OSXStandalone target not found
Native extension for WebGL target not found
Refreshing native plugins compatible for Editor in 0.24 ms, found 0 plugins.
Preloading 0 native plugins for Editor in 0.00 ms.
Invoked RoslynAnalysisRunner static constructor.
RoslynAnalysisRunner will not be running.
RoslynAnalysisRunner has terminated.
Mono: successfully reloaded assembly
- Completed reload, in  0.909 seconds
Platform modules already initialized, skipping
Refreshing native plugins compatible for Editor in 0.24 ms, found 0 plugins.
Preloading 0 native plugins for Editor in 0.00 ms.
Unloading 1110 Unused Serialized files (Serialized files now loaded: 0)
System memory in use before: 74.8 MB.
System memory in use after: 74.9 MB.

Unloading 4 unused Assets to reduce memory usage. Loaded Objects now: 1695.
Total: 1.775000 ms (FindLiveObjects: 0.194300 ms CreateObjectMapping: 0.026800 ms MarkObjects: 1.533900 ms  DeleteObjects: 0.018700 ms)

========================================================================
Received Prepare
Registering precompiled user dll's ...
Registered in 0.000857 seconds.
Begin MonoManager ReloadAssembly
Native extension for WindowsStandalone target not found
Native extension for OSXStandalone target not found
Native extension for WebGL target not found
Refreshing native plugins compatible for Editor in 0.24 ms, found 0 plugins.
Preloading 0 native plugins for Editor in 0.00 ms.
Invoked RoslynAnalysisRunner static constructor.
RoslynAnalysisRunner will not be running.
RoslynAnalysisRunner has terminated.
Mono: successfully reloaded assembly
- Completed reload, in  0.741 seconds
Platform modules already initialized, skipping
Refreshing native plugins compatible for Editor in 0.24 ms, found 0 plugins.
Preloading 0 native plugins for Editor in 0.00 ms.
Unloading 1110 Unused Serialized files (Serialized files now loaded: 0)
System memory in use before: 74.8 MB.
System memory in use after: 74.9 MB.

Unloading 4 unused Assets to reduce memory usage. Loaded Objects now: 1698.
Total: 1.677100 ms (FindLiveObjects: 0.171600 ms CreateObjectMapping: 0.026000 ms MarkObjects: 1.466200 ms  DeleteObjects: 0.012300 ms)

AssetImportWorkerClient::OnTransportError - code=2 error=End of file
